<?xml version="1.0" encoding="UTF-8"?>
<coverage generated="1610962626199" clover="3.2.0">
  <project timestamp="1610962626199" name="All files">
    <metrics statements="122" coveredstatements="122" conditionals="33" coveredconditionals="33" methods="20" coveredmethods="20" elements="175" coveredelements="175" complexity="0" loc="122" ncloc="122" packages="3" files="3" classes="3"/>
    <package name="jwt">
      <metrics statements="7" coveredstatements="7" conditionals="0" coveredconditionals="0" methods="3" coveredmethods="3"/>
      <file name="jwt.service.ts" path="G:\projects\2to2test\src\jwt\jwt.service.ts">
        <metrics statements="7" coveredstatements="7" conditionals="0" coveredconditionals="0" methods="3" coveredmethods="3"/>
        <line num="1" count="2" type="stmt"/>
        <line num="2" count="2" type="stmt"/>
        <line num="4" count="2" type="stmt"/>
        <line num="7" count="2" type="stmt"/>
        <line num="9" count="1" type="stmt"/>
        <line num="13" count="1" type="stmt"/>
        <line num="17" count="1" type="stmt"/>
      </file>
    </package>
    <package name="podcast">
      <metrics statements="78" coveredstatements="78" conditionals="23" coveredconditionals="23" methods="12" coveredmethods="12"/>
      <file name="podcasts.service.ts" path="G:\projects\2to2test\src\podcast\podcasts.service.ts">
        <metrics statements="78" coveredstatements="78" conditionals="23" coveredconditionals="23" methods="12" coveredmethods="12"/>
        <line num="1" count="1" type="stmt"/>
        <line num="12" count="1" type="stmt"/>
        <line num="13" count="1" type="stmt"/>
        <line num="22" count="1" type="stmt"/>
        <line num="23" count="1" type="stmt"/>
        <line num="26" count="1" type="stmt"/>
        <line num="29" count="29" type="stmt"/>
        <line num="31" count="29" type="stmt"/>
        <line num="34" count="29" type="stmt"/>
        <line num="40" count="2" type="stmt"/>
        <line num="41" count="2" type="stmt"/>
        <line num="42" count="1" type="stmt"/>
        <line num="47" count="1" type="stmt"/>
        <line num="55" count="2" type="stmt"/>
        <line num="56" count="2" type="stmt"/>
        <line num="57" count="2" type="stmt"/>
        <line num="58" count="1" type="stmt"/>
        <line num="63" count="1" type="stmt"/>
        <line num="68" count="3" type="stmt"/>
        <line num="69" count="3" type="stmt"/>
        <line num="73" count="2" type="cond" truecount="2" falsecount="0"/>
        <line num="74" count="1" type="stmt"/>
        <line num="79" count="1" type="stmt"/>
        <line num="84" count="1" type="stmt"/>
        <line num="89" count="3" type="stmt"/>
        <line num="90" count="3" type="stmt"/>
        <line num="91" count="3" type="cond" truecount="2" falsecount="0"/>
        <line num="92" count="1" type="stmt"/>
        <line num="94" count="2" type="stmt"/>
        <line num="95" count="1" type="stmt"/>
        <line num="97" count="1" type="stmt"/>
        <line num="105" count="4" type="stmt"/>
        <line num="106" count="4" type="stmt"/>
        <line num="107" count="4" type="cond" truecount="2" falsecount="0"/>
        <line num="108" count="1" type="stmt"/>
        <line num="111" count="3" type="cond" truecount="2" falsecount="0"/>
        <line num="115" count="1" type="stmt"/>
        <line num="120" count="2" type="stmt"/>
        <line num="121" count="2" type="stmt"/>
        <line num="122" count="1" type="stmt"/>
        <line num="125" count="1" type="stmt"/>
        <line num="130" count="2" type="stmt"/>
        <line num="131" count="2" type="cond" truecount="2" falsecount="0"/>
        <line num="132" count="1" type="stmt"/>
        <line num="134" count="1" type="stmt"/>
        <line num="144" count="3" type="stmt"/>
        <line num="145" count="3" type="cond" truecount="2" falsecount="0"/>
        <line num="146" count="1" type="stmt"/>
        <line num="148" count="2" type="stmt"/>
        <line num="149" count="2" type="cond" truecount="2" falsecount="0"/>
        <line num="150" count="1" type="stmt"/>
        <line num="155" count="1" type="stmt"/>
        <line num="166" count="3" type="stmt"/>
        <line num="167" count="3" type="stmt"/>
        <line num="168" count="3" type="cond" truecount="2" falsecount="0"/>
        <line num="169" count="1" type="stmt"/>
        <line num="171" count="2" type="stmt"/>
        <line num="172" count="2" type="stmt"/>
        <line num="173" count="2" type="stmt"/>
        <line num="174" count="1" type="stmt"/>
        <line num="179" count="1" type="stmt"/>
        <line num="187" count="3" type="stmt"/>
        <line num="188" count="3" type="stmt"/>
        <line num="192" count="3" type="cond" truecount="2" falsecount="0"/>
        <line num="193" count="1" type="stmt"/>
        <line num="195" count="2" type="stmt"/>
        <line num="196" count="1" type="stmt"/>
        <line num="198" count="1" type="stmt"/>
        <line num="204" count="3" type="stmt"/>
        <line num="205" count="3" type="stmt"/>
        <line num="207" count="3" type="stmt"/>
        <line num="208" count="3" type="stmt"/>
        <line num="212" count="3" type="cond" truecount="2" falsecount="0"/>
        <line num="213" count="1" type="stmt"/>
        <line num="215" count="2" type="stmt"/>
        <line num="216" count="2" type="stmt"/>
        <line num="217" count="1" type="stmt"/>
        <line num="219" count="1" type="stmt"/>
      </file>
    </package>
    <package name="users">
      <metrics statements="37" coveredstatements="37" conditionals="10" coveredconditionals="10" methods="5" coveredmethods="5"/>
      <file name="users.service.ts" path="G:\projects\2to2test\src\users\users.service.ts">
        <metrics statements="37" coveredstatements="37" conditionals="10" coveredconditionals="10" methods="5" coveredmethods="5"/>
        <line num="1" count="1" type="stmt"/>
        <line num="2" count="1" type="stmt"/>
        <line num="8" count="1" type="stmt"/>
        <line num="9" count="1" type="stmt"/>
        <line num="10" count="1" type="stmt"/>
        <line num="15" count="1" type="stmt"/>
        <line num="18" count="15" type="stmt"/>
        <line num="19" count="15" type="stmt"/>
        <line num="27" count="3" type="stmt"/>
        <line num="28" count="3" type="stmt"/>
        <line num="29" count="3" type="cond" truecount="2" falsecount="0"/>
        <line num="30" count="1" type="stmt"/>
        <line num="32" count="2" type="stmt"/>
        <line num="37" count="2" type="stmt"/>
        <line num="39" count="1" type="stmt"/>
        <line num="44" count="1" type="stmt"/>
        <line num="51" count="4" type="stmt"/>
        <line num="52" count="4" type="stmt"/>
        <line num="56" count="3" type="cond" truecount="2" falsecount="0"/>
        <line num="57" count="1" type="stmt"/>
        <line num="59" count="2" type="stmt"/>
        <line num="60" count="2" type="cond" truecount="2" falsecount="0"/>
        <line num="61" count="1" type="stmt"/>
        <line num="67" count="1" type="stmt"/>
        <line num="69" count="1" type="stmt"/>
        <line num="74" count="1" type="stmt"/>
        <line num="82" count="2" type="stmt"/>
        <line num="83" count="2" type="stmt"/>
        <line num="84" count="1" type="stmt"/>
        <line num="89" count="1" type="stmt"/>
        <line num="100" count="5" type="stmt"/>
        <line num="101" count="5" type="stmt"/>
        <line num="103" count="4" type="cond" truecount="2" falsecount="0"/>
        <line num="104" count="4" type="cond" truecount="2" falsecount="0"/>
        <line num="106" count="4" type="stmt"/>
        <line num="107" count="3" type="stmt"/>
        <line num="111" count="2" type="stmt"/>
      </file>
    </package>
  </project>
</coverage>
