{"G:\\projects\\2to2test\\src\\jwt\\jwt.service.ts": {"path":"G:\\projects\\2to2test\\src\\jwt\\jwt.service.ts","statementMap":{"0":{"start":{"line":1,"column":0},"end":{"line":1,"column":52}},"1":{"start":{"line":2,"column":0},"end":{"line":2,"column":36}},"2":{"start":{"line":4,"column":0},"end":{"line":4,"column":49}},"3":{"start":{"line":7,"column":0},"end":{"line":19,"column":null}},"4":{"start":{"line":9,"column":45},"end":{"line":9,"column":70}},"5":{"start":{"line":13,"column":4},"end":{"line":13,"column":61}},"6":{"start":{"line":17,"column":4},"end":{"line":17,"column":54}},"7":{"start":{"line":7,"column":13},"end":{"line":19,"column":null}},"8":{"start":{"line":7,"column":13},"end":{"line":7,"column":23}}},"fnMap":{"0":{"name":"(anonymous_4)","decl":{"start":{"line":8,"column":2},"end":{"line":8,"column":null}},"loc":{"start":{"line":9,"column":70},"end":{"line":10,"column":6}}},"1":{"name":"(anonymous_5)","decl":{"start":{"line":12,"column":2},"end":{"line":12,"column":6}},"loc":{"start":{"line":12,"column":21},"end":{"line":14,"column":3}}},"2":{"name":"(anonymous_6)","decl":{"start":{"line":16,"column":2},"end":{"line":16,"column":8}},"loc":{"start":{"line":16,"column":22},"end":{"line":18,"column":3}}}},"branchMap":{},"s":{"0":2,"1":2,"2":2,"3":2,"4":1,"5":1,"6":1,"7":2,"8":2},"f":{"0":1,"1":1,"2":1},"b":{}}
,"G:\\projects\\2to2test\\src\\podcast\\podcasts.service.ts": {"path":"G:\\projects\\2to2test\\src\\podcast\\podcasts.service.ts","statementMap":{"0":{"start":{"line":1,"column":0},"end":{"line":1,"column":44}},"1":{"start":{"line":12,"column":0},"end":{"line":12,"column":52}},"2":{"start":{"line":13,"column":0},"end":{"line":13,"column":52}},"3":{"start":{"line":22,"column":0},"end":{"line":22,"column":51}},"4":{"start":{"line":23,"column":0},"end":{"line":23,"column":37}},"5":{"start":{"line":26,"column":0},"end":{"line":222,"column":null}},"6":{"start":{"line":29,"column":21},"end":{"line":29,"column":40}},"7":{"start":{"line":31,"column":21},"end":{"line":31,"column":40}},"8":{"start":{"line":34,"column":19},"end":{"line":37,"column":4}},"9":{"start":{"line":40,"column":4},"end":{"line":48,"column":null}},"10":{"start":{"line":41,"column":23},"end":{"line":41,"column":58}},"11":{"start":{"line":42,"column":6},"end":{"line":45,"column":8}},"12":{"start":{"line":47,"column":6},"end":{"line":47,"column":44}},"13":{"start":{"line":55,"column":4},"end":{"line":64,"column":null}},"14":{"start":{"line":56,"column":25},"end":{"line":56,"column":75}},"15":{"start":{"line":57,"column":21},"end":{"line":57,"column":66}},"16":{"start":{"line":58,"column":6},"end":{"line":61,"column":8}},"17":{"start":{"line":63,"column":6},"end":{"line":63,"column":44}},"18":{"start":{"line":68,"column":4},"end":{"line":85,"column":null}},"19":{"start":{"line":69,"column":22},"end":{"line":71,"column":null}},"20":{"start":{"line":73,"column":6},"end":{"line":78,"column":null}},"21":{"start":{"line":74,"column":8},"end":{"line":77,"column":10}},"22":{"start":{"line":79,"column":6},"end":{"line":82,"column":8}},"23":{"start":{"line":84,"column":6},"end":{"line":84,"column":44}},"24":{"start":{"line":89,"column":4},"end":{"line":98,"column":null}},"25":{"start":{"line":90,"column":28},"end":{"line":90,"column":53}},"26":{"start":{"line":91,"column":6},"end":{"line":93,"column":null}},"27":{"start":{"line":92,"column":8},"end":{"line":92,"column":29}},"28":{"start":{"line":94,"column":6},"end":{"line":94,"column":50}},"29":{"start":{"line":95,"column":6},"end":{"line":95,"column":20}},"30":{"start":{"line":97,"column":6},"end":{"line":97,"column":44}},"31":{"start":{"line":105,"column":4},"end":{"line":126,"column":null}},"32":{"start":{"line":106,"column":37},"end":{"line":106,"column":62}},"33":{"start":{"line":107,"column":6},"end":{"line":109,"column":null}},"34":{"start":{"line":108,"column":8},"end":{"line":108,"column":29}},"35":{"start":{"line":111,"column":6},"end":{"line":123,"column":null}},"36":{"start":{"line":115,"column":8},"end":{"line":118,"column":10}},"37":{"start":{"line":120,"column":28},"end":{"line":120,"column":66}},"38":{"start":{"line":121,"column":8},"end":{"line":121,"column":58}},"39":{"start":{"line":122,"column":8},"end":{"line":122,"column":22}},"40":{"start":{"line":125,"column":6},"end":{"line":125,"column":44}},"41":{"start":{"line":130,"column":35},"end":{"line":130,"column":67}},"42":{"start":{"line":131,"column":4},"end":{"line":133,"column":null}},"43":{"start":{"line":132,"column":6},"end":{"line":132,"column":27}},"44":{"start":{"line":134,"column":4},"end":{"line":137,"column":6}},"45":{"start":{"line":144,"column":36},"end":{"line":144,"column":69}},"46":{"start":{"line":145,"column":4},"end":{"line":147,"column":null}},"47":{"start":{"line":146,"column":6},"end":{"line":146,"column":27}},"48":{"start":{"line":148,"column":20},"end":{"line":148,"column":70}},"49":{"start":{"line":148,"column":45},"end":{"line":148,"column":69}},"50":{"start":{"line":149,"column":4},"end":{"line":154,"column":null}},"51":{"start":{"line":150,"column":6},"end":{"line":153,"column":8}},"52":{"start":{"line":155,"column":4},"end":{"line":158,"column":6}},"53":{"start":{"line":166,"column":4},"end":{"line":180,"column":null}},"54":{"start":{"line":167,"column":37},"end":{"line":167,"column":69}},"55":{"start":{"line":168,"column":6},"end":{"line":170,"column":null}},"56":{"start":{"line":169,"column":8},"end":{"line":169,"column":29}},"57":{"start":{"line":171,"column":25},"end":{"line":171,"column":75}},"58":{"start":{"line":172,"column":6},"end":{"line":172,"column":35}},"59":{"start":{"line":173,"column":21},"end":{"line":173,"column":66}},"60":{"start":{"line":174,"column":6},"end":{"line":177,"column":8}},"61":{"start":{"line":179,"column":6},"end":{"line":179,"column":44}},"62":{"start":{"line":187,"column":4},"end":{"line":199,"column":null}},"63":{"start":{"line":188,"column":37},"end":{"line":191,"column":8}},"64":{"start":{"line":192,"column":6},"end":{"line":194,"column":null}},"65":{"start":{"line":193,"column":8},"end":{"line":193,"column":29}},"66":{"start":{"line":195,"column":6},"end":{"line":195,"column":62}},"67":{"start":{"line":196,"column":6},"end":{"line":196,"column":26}},"68":{"start":{"line":198,"column":6},"end":{"line":198,"column":44}},"69":{"start":{"line":204,"column":13},"end":{"line":204,"column":null}},"70":{"start":{"line":205,"column":11},"end":{"line":206,"column":23}},"71":{"start":{"line":207,"column":4},"end":{"line":220,"column":null}},"72":{"start":{"line":208,"column":37},"end":{"line":211,"column":8}},"73":{"start":{"line":212,"column":6},"end":{"line":214,"column":null}},"74":{"start":{"line":213,"column":8},"end":{"line":213,"column":29}},"75":{"start":{"line":215,"column":26},"end":{"line":215,"column":52}},"76":{"start":{"line":216,"column":6},"end":{"line":216,"column":56}},"77":{"start":{"line":217,"column":6},"end":{"line":217,"column":26}},"78":{"start":{"line":219,"column":6},"end":{"line":219,"column":44}},"79":{"start":{"line":26,"column":13},"end":{"line":222,"column":null}},"80":{"start":{"line":26,"column":13},"end":{"line":26,"column":28}}},"fnMap":{"0":{"name":"(anonymous_5)","decl":{"start":{"line":27,"column":2},"end":{"line":27,"column":null}},"loc":{"start":{"line":31,"column":59},"end":{"line":32,"column":6}}},"1":{"name":"(anonymous_6)","decl":{"start":{"line":39,"column":2},"end":{"line":39,"column":7}},"loc":{"start":{"line":39,"column":22},"end":{"line":49,"column":3}}},"2":{"name":"(anonymous_7)","decl":{"start":{"line":51,"column":2},"end":{"line":51,"column":7}},"loc":{"start":{"line":54,"column":23},"end":{"line":65,"column":3}}},"3":{"name":"(anonymous_8)","decl":{"start":{"line":67,"column":2},"end":{"line":67,"column":7}},"loc":{"start":{"line":67,"column":29},"end":{"line":86,"column":3}}},"4":{"name":"(anonymous_9)","decl":{"start":{"line":88,"column":2},"end":{"line":88,"column":7}},"loc":{"start":{"line":88,"column":32},"end":{"line":99,"column":3}}},"5":{"name":"(anonymous_10)","decl":{"start":{"line":101,"column":2},"end":{"line":101,"column":7}},"loc":{"start":{"line":104,"column":23},"end":{"line":127,"column":3}}},"6":{"name":"(anonymous_11)","decl":{"start":{"line":129,"column":2},"end":{"line":129,"column":7}},"loc":{"start":{"line":129,"column":37},"end":{"line":138,"column":3}}},"7":{"name":"(anonymous_12)","decl":{"start":{"line":140,"column":2},"end":{"line":140,"column":7}},"loc":{"start":{"line":143,"column":24},"end":{"line":159,"column":3}}},"8":{"name":"(anonymous_13)","decl":{"start":{"line":148,"column":34},"end":{"line":148,"column":41}},"loc":{"start":{"line":148,"column":45},"end":{"line":148,"column":69}}},"9":{"name":"(anonymous_14)","decl":{"start":{"line":161,"column":2},"end":{"line":161,"column":7}},"loc":{"start":{"line":165,"column":23},"end":{"line":181,"column":3}}},"10":{"name":"(anonymous_15)","decl":{"start":{"line":183,"column":2},"end":{"line":183,"column":7}},"loc":{"start":{"line":186,"column":24},"end":{"line":200,"column":3}}},"11":{"name":"(anonymous_16)","decl":{"start":{"line":202,"column":2},"end":{"line":202,"column":7}},"loc":{"start":{"line":206,"column":23},"end":{"line":221,"column":3}}}},"branchMap":{"0":{"loc":{"start":{"line":73,"column":6},"end":{"line":78,"column":null}},"type":"if","locations":[{"start":{"line":73,"column":6},"end":{"line":78,"column":null}},{"start":{"line":73,"column":6},"end":{"line":78,"column":null}}]},"1":{"loc":{"start":{"line":91,"column":6},"end":{"line":93,"column":null}},"type":"if","locations":[{"start":{"line":91,"column":6},"end":{"line":93,"column":null}},{"start":{"line":91,"column":6},"end":{"line":93,"column":null}}]},"2":{"loc":{"start":{"line":107,"column":6},"end":{"line":109,"column":null}},"type":"if","locations":[{"start":{"line":107,"column":6},"end":{"line":109,"column":null}},{"start":{"line":107,"column":6},"end":{"line":109,"column":null}}]},"3":{"loc":{"start":{"line":111,"column":6},"end":{"line":123,"column":null}},"type":"if","locations":[{"start":{"line":111,"column":6},"end":{"line":123,"column":null}},{"start":{"line":111,"column":6},"end":{"line":123,"column":null}}]},"4":{"loc":{"start":{"line":112,"column":8},"end":{"line":112,"column":31}},"type":"binary-expr","locations":[{"start":{"line":112,"column":8},"end":{"line":112,"column":31}},{"start":{"line":113,"column":9},"end":{"line":113,"column":27}},{"start":{"line":113,"column":31},"end":{"line":113,"column":49}}]},"5":{"loc":{"start":{"line":131,"column":4},"end":{"line":133,"column":null}},"type":"if","locations":[{"start":{"line":131,"column":4},"end":{"line":133,"column":null}},{"start":{"line":131,"column":4},"end":{"line":133,"column":null}}]},"6":{"loc":{"start":{"line":145,"column":4},"end":{"line":147,"column":null}},"type":"if","locations":[{"start":{"line":145,"column":4},"end":{"line":147,"column":null}},{"start":{"line":145,"column":4},"end":{"line":147,"column":null}}]},"7":{"loc":{"start":{"line":149,"column":4},"end":{"line":154,"column":null}},"type":"if","locations":[{"start":{"line":149,"column":4},"end":{"line":154,"column":null}},{"start":{"line":149,"column":4},"end":{"line":154,"column":null}}]},"8":{"loc":{"start":{"line":168,"column":6},"end":{"line":170,"column":null}},"type":"if","locations":[{"start":{"line":168,"column":6},"end":{"line":170,"column":null}},{"start":{"line":168,"column":6},"end":{"line":170,"column":null}}]},"9":{"loc":{"start":{"line":192,"column":6},"end":{"line":194,"column":null}},"type":"if","locations":[{"start":{"line":192,"column":6},"end":{"line":194,"column":null}},{"start":{"line":192,"column":6},"end":{"line":194,"column":null}}]},"10":{"loc":{"start":{"line":212,"column":6},"end":{"line":214,"column":null}},"type":"if","locations":[{"start":{"line":212,"column":6},"end":{"line":214,"column":null}},{"start":{"line":212,"column":6},"end":{"line":214,"column":null}}]}},"s":{"0":1,"1":1,"2":1,"3":1,"4":1,"5":1,"6":29,"7":29,"8":29,"9":2,"10":2,"11":1,"12":1,"13":2,"14":2,"15":2,"16":1,"17":1,"18":3,"19":3,"20":2,"21":1,"22":1,"23":1,"24":3,"25":3,"26":3,"27":1,"28":2,"29":1,"30":1,"31":4,"32":4,"33":4,"34":1,"35":3,"36":1,"37":2,"38":2,"39":1,"40":1,"41":2,"42":2,"43":1,"44":1,"45":3,"46":3,"47":1,"48":2,"49":2,"50":2,"51":1,"52":1,"53":3,"54":3,"55":3,"56":1,"57":2,"58":2,"59":2,"60":1,"61":1,"62":3,"63":3,"64":3,"65":1,"66":2,"67":1,"68":1,"69":3,"70":3,"71":3,"72":3,"73":3,"74":1,"75":2,"76":2,"77":1,"78":1,"79":1,"80":1},"f":{"0":29,"1":2,"2":2,"3":3,"4":3,"5":4,"6":2,"7":3,"8":2,"9":3,"10":3,"11":3},"b":{"0":[1,1],"1":[1,2],"2":[1,3],"3":[1,2],"4":[3,3,3],"5":[1,1],"6":[1,2],"7":[1,1],"8":[1,2],"9":[1,2],"10":[1,2]}}
,"G:\\projects\\2to2test\\src\\users\\users.service.ts": {"path":"G:\\projects\\2to2test\\src\\users\\users.service.ts","statementMap":{"0":{"start":{"line":1,"column":0},"end":{"line":1,"column":44}},"1":{"start":{"line":2,"column":0},"end":{"line":2,"column":46}},"2":{"start":{"line":8,"column":0},"end":{"line":8,"column":51}},"3":{"start":{"line":9,"column":0},"end":{"line":9,"column":37}},"4":{"start":{"line":10,"column":0},"end":{"line":10,"column":48}},"5":{"start":{"line":15,"column":0},"end":{"line":117,"column":null}},"6":{"start":{"line":18,"column":21},"end":{"line":18,"column":28}},"7":{"start":{"line":19,"column":21},"end":{"line":19,"column":33}},"8":{"start":{"line":27,"column":4},"end":{"line":48,"column":null}},"9":{"start":{"line":28,"column":21},"end":{"line":28,"column":56}},"10":{"start":{"line":29,"column":6},"end":{"line":31,"column":null}},"11":{"start":{"line":30,"column":8},"end":{"line":30,"column":79}},"12":{"start":{"line":32,"column":19},"end":{"line":36,"column":8}},"13":{"start":{"line":37,"column":6},"end":{"line":37,"column":34}},"14":{"start":{"line":39,"column":6},"end":{"line":42,"column":8}},"15":{"start":{"line":44,"column":6},"end":{"line":47,"column":8}},"16":{"start":{"line":51,"column":4},"end":{"line":78,"column":null}},"17":{"start":{"line":52,"column":19},"end":{"line":54,"column":null}},"18":{"start":{"line":56,"column":6},"end":{"line":58,"column":null}},"19":{"start":{"line":57,"column":8},"end":{"line":57,"column":54}},"20":{"start":{"line":59,"column":30},"end":{"line":59,"column":64}},"21":{"start":{"line":60,"column":6},"end":{"line":65,"column":null}},"22":{"start":{"line":61,"column":8},"end":{"line":64,"column":10}},"23":{"start":{"line":67,"column":20},"end":{"line":67,"column":49}},"24":{"start":{"line":69,"column":6},"end":{"line":72,"column":8}},"25":{"start":{"line":74,"column":6},"end":{"line":77,"column":8}},"26":{"start":{"line":82,"column":4},"end":{"line":93,"column":null}},"27":{"start":{"line":83,"column":19},"end":{"line":83,"column":57}},"28":{"start":{"line":84,"column":6},"end":{"line":87,"column":8}},"29":{"start":{"line":89,"column":6},"end":{"line":92,"column":8}},"30":{"start":{"line":100,"column":4},"end":{"line":115,"column":null}},"31":{"start":{"line":101,"column":19},"end":{"line":101,"column":57}},"32":{"start":{"line":103,"column":6},"end":{"line":103,"column":36}},"33":{"start":{"line":103,"column":17},"end":{"line":103,"column":36}},"34":{"start":{"line":104,"column":6},"end":{"line":104,"column":45}},"35":{"start":{"line":104,"column":20},"end":{"line":104,"column":45}},"36":{"start":{"line":106,"column":6},"end":{"line":106,"column":34}},"37":{"start":{"line":107,"column":6},"end":{"line":109,"column":8}},"38":{"start":{"line":111,"column":6},"end":{"line":114,"column":8}},"39":{"start":{"line":15,"column":13},"end":{"line":117,"column":null}},"40":{"start":{"line":15,"column":13},"end":{"line":15,"column":25}}},"fnMap":{"0":{"name":"(anonymous_4)","decl":{"start":{"line":16,"column":2},"end":{"line":16,"column":null}},"loc":{"start":{"line":19,"column":43},"end":{"line":20,"column":6}}},"1":{"name":"(anonymous_5)","decl":{"start":{"line":22,"column":2},"end":{"line":22,"column":7}},"loc":{"start":{"line":26,"column":23},"end":{"line":49,"column":3}}},"2":{"name":"(anonymous_6)","decl":{"start":{"line":50,"column":2},"end":{"line":50,"column":7}},"loc":{"start":{"line":50,"column":45},"end":{"line":79,"column":3}}},"3":{"name":"(anonymous_7)","decl":{"start":{"line":81,"column":2},"end":{"line":81,"column":7}},"loc":{"start":{"line":81,"column":27},"end":{"line":94,"column":3}}},"4":{"name":"(anonymous_8)","decl":{"start":{"line":96,"column":2},"end":{"line":96,"column":7}},"loc":{"start":{"line":98,"column":41},"end":{"line":116,"column":3}}}},"branchMap":{"0":{"loc":{"start":{"line":29,"column":6},"end":{"line":31,"column":null}},"type":"if","locations":[{"start":{"line":29,"column":6},"end":{"line":31,"column":null}},{"start":{"line":29,"column":6},"end":{"line":31,"column":null}}]},"1":{"loc":{"start":{"line":56,"column":6},"end":{"line":58,"column":null}},"type":"if","locations":[{"start":{"line":56,"column":6},"end":{"line":58,"column":null}},{"start":{"line":56,"column":6},"end":{"line":58,"column":null}}]},"2":{"loc":{"start":{"line":60,"column":6},"end":{"line":65,"column":null}},"type":"if","locations":[{"start":{"line":60,"column":6},"end":{"line":65,"column":null}},{"start":{"line":60,"column":6},"end":{"line":65,"column":null}}]},"3":{"loc":{"start":{"line":103,"column":6},"end":{"line":103,"column":36}},"type":"if","locations":[{"start":{"line":103,"column":6},"end":{"line":103,"column":36}},{"start":{"line":103,"column":6},"end":{"line":103,"column":36}}]},"4":{"loc":{"start":{"line":104,"column":6},"end":{"line":104,"column":45}},"type":"if","locations":[{"start":{"line":104,"column":6},"end":{"line":104,"column":45}},{"start":{"line":104,"column":6},"end":{"line":104,"column":45}}]}},"s":{"0":1,"1":1,"2":1,"3":1,"4":1,"5":1,"6":15,"7":15,"8":3,"9":3,"10":3,"11":1,"12":2,"13":2,"14":1,"15":1,"16":4,"17":4,"18":3,"19":1,"20":2,"21":2,"22":1,"23":1,"24":1,"25":1,"26":2,"27":2,"28":1,"29":1,"30":5,"31":5,"32":4,"33":3,"34":4,"35":3,"36":4,"37":3,"38":2,"39":1,"40":1},"f":{"0":15,"1":3,"2":4,"3":2,"4":5},"b":{"0":[1,2],"1":[1,2],"2":[1,1],"3":[3,1],"4":[3,1]}}
}
