TN:
SF:src\jwt\jwt.service.ts
FN:8,(anonymous_4)
FN:12,(anonymous_5)
FN:16,(anonymous_6)
FNF:3
FNH:3
FNDA:1,(anonymous_4)
FNDA:1,(anonymous_5)
FNDA:1,(anonymous_6)
DA:1,2
DA:2,2
DA:4,2
DA:7,2
DA:9,1
DA:13,1
DA:17,1
LF:7
LH:7
BRF:0
BRH:0
end_of_record
TN:
SF:src\podcast\podcasts.service.ts
FN:27,(anonymous_5)
FN:39,(anonymous_6)
FN:51,(anonymous_7)
FN:67,(anonymous_8)
FN:88,(anonymous_9)
FN:101,(anonymous_10)
FN:129,(anonymous_11)
FN:140,(anonymous_12)
FN:148,(anonymous_13)
FN:161,(anonymous_14)
FN:183,(anonymous_15)
FN:202,(anonymous_16)
FNF:12
FNH:12
FNDA:29,(anonymous_5)
FNDA:2,(anonymous_6)
FNDA:2,(anonymous_7)
FNDA:3,(anonymous_8)
FNDA:3,(anonymous_9)
FNDA:4,(anonymous_10)
FNDA:2,(anonymous_11)
FNDA:3,(anonymous_12)
FNDA:2,(anonymous_13)
FNDA:3,(anonymous_14)
FNDA:3,(anonymous_15)
FNDA:3,(anonymous_16)
DA:1,1
DA:12,1
DA:13,1
DA:22,1
DA:23,1
DA:26,1
DA:29,29
DA:31,29
DA:34,29
DA:40,2
DA:41,2
DA:42,1
DA:47,1
DA:55,2
DA:56,2
DA:57,2
DA:58,1
DA:63,1
DA:68,3
DA:69,3
DA:73,2
DA:74,1
DA:79,1
DA:84,1
DA:89,3
DA:90,3
DA:91,3
DA:92,1
DA:94,2
DA:95,1
DA:97,1
DA:105,4
DA:106,4
DA:107,4
DA:108,1
DA:111,3
DA:115,1
DA:120,2
DA:121,2
DA:122,1
DA:125,1
DA:130,2
DA:131,2
DA:132,1
DA:134,1
DA:144,3
DA:145,3
DA:146,1
DA:148,2
DA:149,2
DA:150,1
DA:155,1
DA:166,3
DA:167,3
DA:168,3
DA:169,1
DA:171,2
DA:172,2
DA:173,2
DA:174,1
DA:179,1
DA:187,3
DA:188,3
DA:192,3
DA:193,1
DA:195,2
DA:196,1
DA:198,1
DA:204,3
DA:205,3
DA:207,3
DA:208,3
DA:212,3
DA:213,1
DA:215,2
DA:216,2
DA:217,1
DA:219,1
LF:78
LH:78
BRDA:73,0,0,1
BRDA:73,0,1,1
BRDA:91,1,0,1
BRDA:91,1,1,2
BRDA:107,2,0,1
BRDA:107,2,1,3
BRDA:111,3,0,1
BRDA:111,3,1,2
BRDA:112,4,0,3
BRDA:112,4,1,3
BRDA:112,4,2,3
BRDA:131,5,0,1
BRDA:131,5,1,1
BRDA:145,6,0,1
BRDA:145,6,1,2
BRDA:149,7,0,1
BRDA:149,7,1,1
BRDA:168,8,0,1
BRDA:168,8,1,2
BRDA:192,9,0,1
BRDA:192,9,1,2
BRDA:212,10,0,1
BRDA:212,10,1,2
BRF:23
BRH:23
end_of_record
TN:
SF:src\users\users.service.ts
FN:16,(anonymous_4)
FN:22,(anonymous_5)
FN:50,(anonymous_6)
FN:81,(anonymous_7)
FN:96,(anonymous_8)
FNF:5
FNH:5
FNDA:15,(anonymous_4)
FNDA:3,(anonymous_5)
FNDA:4,(anonymous_6)
FNDA:2,(anonymous_7)
FNDA:5,(anonymous_8)
DA:1,1
DA:2,1
DA:8,1
DA:9,1
DA:10,1
DA:15,1
DA:18,15
DA:19,15
DA:27,3
DA:28,3
DA:29,3
DA:30,1
DA:32,2
DA:37,2
DA:39,1
DA:44,1
DA:51,4
DA:52,4
DA:56,3
DA:57,1
DA:59,2
DA:60,2
DA:61,1
DA:67,1
DA:69,1
DA:74,1
DA:82,2
DA:83,2
DA:84,1
DA:89,1
DA:100,5
DA:101,5
DA:103,4
DA:104,4
DA:106,4
DA:107,3
DA:111,2
LF:37
LH:37
BRDA:29,0,0,1
BRDA:29,0,1,2
BRDA:56,1,0,1
BRDA:56,1,1,2
BRDA:60,2,0,1
BRDA:60,2,1,1
BRDA:103,3,0,3
BRDA:103,3,1,1
BRDA:104,4,0,3
BRDA:104,4,1,1
BRF:10
BRH:10
end_of_record
